[16-Mar-2026 11:05:37 UTC] PHP Warning:  plugins_api(): An unexpected error occurred. Something may be wrong with WordPress.org or this server&#8217;s configuration. If you continue to have problems, please try the <a href="https://wordpress.org/support/forums/">support forums</a>. (WordPress could not establish a secure connection to WordPress.org. Please contact your server administrator.) in /var/www/html/morrowandmorrrow/wp-includes/functions.php on line 6131
[16-Mar-2026 11:05:37 UTC] PHP Warning:  wp_update_plugins(): An unexpected error occurred. Something may be wrong with WordPress.org or this server&#8217;s configuration. If you continue to have problems, please try the <a href="https://wordpress.org/support/forums/">support forums</a>. (WordPress could not establish a secure connection to WordPress.org. Please contact your server administrator.) in /var/www/html/morrowandmorrrow/wp-includes/functions.php on line 6131
[16-Mar-2026 11:05:43 UTC] PHP Warning:  wp_update_themes(): An unexpected error occurred. Something may be wrong with WordPress.org or this server&#8217;s configuration. If you continue to have problems, please try the <a href="https://wordpress.org/support/forums/">support forums</a>. (WordPress could not establish a secure connection to WordPress.org. Please contact your server administrator.) in /var/www/html/morrowandmorrrow/wp-includes/functions.php on line 6131
[16-Mar-2026 11:05:49 UTC] PHP Warning:  wp_version_check(): An unexpected error occurred. Something may be wrong with WordPress.org or this server&#8217;s configuration. If you continue to have problems, please try the <a href="https://wordpress.org/support/forums/">support forums</a>. (WordPress could not establish a secure connection to WordPress.org. Please contact your server administrator.) in /var/www/html/morrowandmorrrow/wp-includes/functions.php on line 6131
[16-Mar-2026 11:06:53 UTC] PHP Warning:  wp_update_plugins(): An unexpected error occurred. Something may be wrong with WordPress.org or this server&#8217;s configuration. If you continue to have problems, please try the <a href="https://wordpress.org/support/forums/">support forums</a>. (WordPress could not establish a secure connection to WordPress.org. Please contact your server administrator.) in /var/www/html/morrowandmorrrow/wp-includes/functions.php on line 6131
[16-Mar-2026 11:06:59 UTC] PHP Warning:  wp_update_themes(): An unexpected error occurred. Something may be wrong with WordPress.org or this server&#8217;s configuration. If you continue to have problems, please try the <a href="https://wordpress.org/support/forums/">support forums</a>. (WordPress could not establish a secure connection to WordPress.org. Please contact your server administrator.) in /var/www/html/morrowandmorrrow/wp-includes/functions.php on line 6131
[16-Mar-2026 11:07:13 UTC] PHP Warning:  wp_version_check(): An unexpected error occurred. Something may be wrong with WordPress.org or this server&#8217;s configuration. If you continue to have problems, please try the <a href="https://wordpress.org/support/forums/">support forums</a>. (WordPress could not establish a secure connection to WordPress.org. Please contact your server administrator.) in /var/www/html/morrowandmorrrow/wp-includes/functions.php on line 6131
[16-Mar-2026 11:14:02 UTC] PHP Warning:  chmod(): Operation not permitted in /var/www/html/morrowandmorrrow/wp-admin/includes/class-wp-filesystem-direct.php on line 173
[16-Mar-2026 11:14:04 UTC] PHP Warning:  chmod(): Operation not permitted in /var/www/html/morrowandmorrrow/wp-admin/includes/class-wp-filesystem-direct.php on line 173
[16-Mar-2026 11:14:04 UTC] PHP Warning:  chmod(): Operation not permitted in /var/www/html/morrowandmorrrow/wp-admin/includes/class-wp-filesystem-direct.php on line 173
[16-Mar-2026 11:14:04 UTC] PHP Warning:  chmod(): Operation not permitted in /var/www/html/morrowandmorrrow/wp-admin/includes/class-wp-filesystem-direct.php on line 173
[16-Mar-2026 11:14:04 UTC] PHP Warning:  chmod(): Operation not permitted in /var/www/html/morrowandmorrrow/wp-admin/includes/class-wp-filesystem-direct.php on line 173
[16-Mar-2026 11:14:04 UTC] PHP Warning:  chmod(): Operation not permitted in /var/www/html/morrowandmorrrow/wp-admin/includes/class-wp-filesystem-direct.php on line 173
[16-Mar-2026 11:14:04 UTC] PHP Warning:  chmod(): Operation not permitted in /var/www/html/morrowandmorrrow/wp-admin/includes/class-wp-filesystem-direct.php on line 173
[16-Mar-2026 11:14:04 UTC] PHP Warning:  chmod(): Operation not permitted in /var/www/html/morrowandmorrrow/wp-admin/includes/class-wp-filesystem-direct.php on line 173
[16-Mar-2026 11:14:04 UTC] PHP Warning:  chmod(): Operation not permitted in /var/www/html/morrowandmorrrow/wp-admin/includes/class-wp-filesystem-direct.php on line 173
[16-Mar-2026 11:14:04 UTC] PHP Warning:  chmod(): Operation not permitted in /var/www/html/morrowandmorrrow/wp-admin/includes/class-wp-filesystem-direct.php on line 173
[16-Mar-2026 11:14:04 UTC] PHP Warning:  chmod(): Operation not permitted in /var/www/html/morrowandmorrrow/wp-admin/includes/class-wp-filesystem-direct.php on line 173
[16-Mar-2026 11:14:04 UTC] PHP Warning:  chmod(): Operation not permitted in /var/www/html/morrowandmorrrow/wp-admin/includes/class-wp-filesystem-direct.php on line 173
[16-Mar-2026 11:14:04 UTC] PHP Warning:  chmod(): Operation not permitted in /var/www/html/morrowandmorrrow/wp-admin/includes/class-wp-filesystem-direct.php on line 173
[16-Mar-2026 11:14:04 UTC] PHP Warning:  chmod(): Operation not permitted in /var/www/html/morrowandmorrrow/wp-admin/includes/class-wp-filesystem-direct.php on line 173
[16-Mar-2026 11:14:04 UTC] PHP Warning:  chmod(): Operation not permitted in /var/www/html/morrowandmorrrow/wp-admin/includes/class-wp-filesystem-direct.php on line 173
[16-Mar-2026 11:14:04 UTC] PHP Warning:  chmod(): Operation not permitted in /var/www/html/morrowandmorrrow/wp-admin/includes/class-wp-filesystem-direct.php on line 173
[16-Mar-2026 11:14:04 UTC] PHP Warning:  chmod(): Operation not permitted in /var/www/html/morrowandmorrrow/wp-admin/includes/class-wp-filesystem-direct.php on line 173
[16-Mar-2026 11:14:04 UTC] PHP Warning:  chmod(): Operation not permitted in /var/www/html/morrowandmorrrow/wp-admin/includes/class-wp-filesystem-direct.php on line 173
[16-Mar-2026 11:14:04 UTC] PHP Warning:  chmod(): Operation not permitted in /var/www/html/morrowandmorrrow/wp-admin/includes/class-wp-filesystem-direct.php on line 173
[16-Mar-2026 11:14:04 UTC] PHP Warning:  chmod(): Operation not permitted in /var/www/html/morrowandmorrrow/wp-admin/includes/class-wp-filesystem-direct.php on line 173
[17-Mar-2026 06:19:31 UTC] PHP Parse error:  syntax error, unexpected token "endif", expecting end of file in /var/www/html/morrowandmorrrow/wp-content/themes/mm_tw/theme/template-parts/layout/header-content.php on line 34
